# JRE version: OpenJDK Runtime Environment (21.0.10) (build 21.0.10+-14961533-b1163.108)
# Java VM: OpenJDK 64-Bit Server VM (21.0.10+-14961533-b1163.108, mixed mode, tiered, compressed oops, compressed class ptrs, g1 gc, windows-amd64)
GC Precious Log:
 CardTable entry size: 512
 Card Set container configuration: InlinePtr #cards 5 size 8 Array Of Cards #cards 12 size 40 Howl #buckets 4 coarsen threshold 1843 Howl Bitmap #cards 512 size 80 coarsen threshold 460 Card regions per heap region 1 cards per card region 2048
 CPUs: 16 total, 16 available
 Memory: 28458M
 Large Page Support: Disabled
 NUMA Support: Disabled
 Compressed Oops: Enabled (32-bit)
 Heap Region Size: 1M
 Heap Min Capacity: 8M
 Heap Initial Capacity: 446M
 Heap Max Capacity: 2G
 Pre-touch: Disabled
 Parallel Workers: 13
 Concurrent Workers: 3
 Concurrent Refinement Workers: 13
 Periodic GC: Disabled
Heap:
 garbage-first heap   total 277504K, used 219645K [0x0000000080000000, 0x0000000100000000)
  region size 1024K, 91 young (93184K), 10 survivors (10240K)
 Metaspace       used 123610K, committed 126144K, reserved 1179648K
  class space    used 17358K, committed 18560K, reserved 1048576K
GC Heap History (20 events):
Event: 5.635 GC heap before
{Heap before GC invocations=23 (full 0):
 garbage-first heap   total 97280K, used 76545K [0x0000000080000000, 0x0000000100000000)
  region size 1024K, 24 young (24576K), 4 survivors (4096K)
 Metaspace       used 72118K, committed 73984K, reserved 1114112K
  class space    used 10241K, committed 11136K, reserved 1048576K
}
Event: 5.636 GC heap after
{Heap after GC invocations=24 (full 0):
 garbage-first heap   total 97280K, used 57433K [0x0000000080000000, 0x0000000100000000)
  region size 1024K, 3 young (3072K), 3 survivors (3072K)
 Metaspace       used 72118K, committed 73984K, reserved 1114112K
  class space    used 10241K, committed 11136K, reserved 1048576K
}
Event: 5.673 GC heap before
{Heap before GC invocations=24 (full 0):
 garbage-first heap   total 97280K, used 85081K [0x0000000080000000, 0x0000000100000000)
  region size 1024K, 31 young (31744K), 3 survivors (3072K)
 Metaspace       used 72138K, committed 74048K, reserved 1114112K
  class space    used 10241K, committed 11136K, reserved 1048576K
}
Event: 5.676 GC heap after
{Heap after GC invocations=25 (full 0):
 garbage-first heap   total 277504K, used 56825K [0x0000000080000000, 0x0000000100000000)
  region size 1024K, 4 young (4096K), 4 survivors (4096K)
 Metaspace       used 72138K, committed 74048K, reserved 1114112K
  class space    used 10241K, committed 11136K, reserved 1048576K
}
Event: 6.513 GC heap before
{Heap before GC invocations=25 (full 0):
 garbage-first heap   total 277504K, used 226809K [0x0000000080000000, 0x0000000100000000)
  region size 1024K, 162 young (165888K), 4 survivors (4096K)
 Metaspace       used 78573K, committed 80576K, reserved 1179648K
  class space    used 11007K, committed 11968K, reserved 1048576K
}
Event: 6.517 GC heap after
{Heap after GC invocations=26 (full 0):
 garbage-first heap   total 277504K, used 76057K [0x0000000080000000, 0x0000000100000000)
  region size 1024K, 15 young (15360K), 15 survivors (15360K)
 Metaspace       used 78573K, committed 80576K, reserved 1179648K
  class space    used 11007K, committed 11968K, reserved 1048576K
}
Event: 7.550 GC heap before
{Heap before GC invocations=26 (full 0):
 garbage-first heap   total 277504K, used 226585K [0x0000000080000000, 0x0000000100000000)
  region size 1024K, 155 young (158720K), 15 survivors (15360K)
 Metaspace       used 89931K, committed 92032K, reserved 1179648K
  class space    used 12609K, committed 13632K, reserved 1048576K
}
Event: 7.555 GC heap after
{Heap after GC invocations=27 (full 0):
 garbage-first heap   total 277504K, used 89334K [0x0000000080000000, 0x0000000100000000)
  region size 1024K, 11 young (11264K), 11 survivors (11264K)
 Metaspace       used 89931K, committed 92032K, reserved 1179648K
  class space    used 12609K, committed 13632K, reserved 1048576K
}
Event: 8.523 GC heap before
{Heap before GC invocations=27 (full 0):
 garbage-first heap   total 277504K, used 228598K [0x0000000080000000, 0x0000000100000000)
  region size 1024K, 147 young (150528K), 11 survivors (11264K)
 Metaspace       used 98385K, committed 100608K, reserved 1179648K
  class space    used 13830K, committed 14912K, reserved 1048576K
}
Event: 8.528 GC heap after
{Heap after GC invocations=28 (full 0):
 garbage-first heap   total 277504K, used 98103K [0x0000000080000000, 0x0000000100000000)
  region size 1024K, 9 young (9216K), 9 survivors (9216K)
 Metaspace       used 98385K, committed 100608K, reserved 1179648K
  class space    used 13830K, committed 14912K, reserved 1048576K
}
Event: 9.607 GC heap before
{Heap before GC invocations=29 (full 0):
 garbage-first heap   total 277504K, used 238391K [0x0000000080000000, 0x0000000100000000)
  region size 1024K, 146 young (149504K), 9 survivors (9216K)
 Metaspace       used 107757K, committed 110144K, reserved 1179648K
  class space    used 15346K, committed 16512K, reserved 1048576K
}
Event: 9.612 GC heap after
{Heap after GC invocations=30 (full 0):
 garbage-first heap   total 277504K, used 104159K [0x0000000080000000, 0x0000000100000000)
  region size 1024K, 15 young (15360K), 15 survivors (15360K)
 Metaspace       used 107757K, committed 110144K, reserved 1179648K
  class space    used 15346K, committed 16512K, reserved 1048576K
}
Event: 10.593 GC heap before
{Heap before GC invocations=30 (full 0):
 garbage-first heap   total 277504K, used 244447K [0x0000000080000000, 0x0000000100000000)
  region size 1024K, 152 young (155648K), 15 survivors (15360K)
 Metaspace       used 114498K, committed 116864K, reserved 1179648K
  class space    used 16285K, committed 17472K, reserved 1048576K
}
Event: 10.601 GC heap after
{Heap after GC invocations=31 (full 0):
 garbage-first heap   total 277504K, used 114938K [0x0000000080000000, 0x0000000100000000)
  region size 1024K, 19 young (19456K), 19 survivors (19456K)
 Metaspace       used 114498K, committed 116864K, reserved 1179648K
  class space    used 16285K, committed 17472K, reserved 1048576K
}
Event: 11.425 GC heap before
{Heap before GC invocations=31 (full 0):
 garbage-first heap   total 277504K, used 240890K [0x0000000080000000, 0x0000000100000000)
  region size 1024K, 143 young (146432K), 19 survivors (19456K)
 Metaspace       used 117243K, committed 119680K, reserved 1179648K
  class space    used 16722K, committed 17920K, reserved 1048576K
}
Event: 11.433 GC heap after
{Heap after GC invocations=32 (full 0):
 garbage-first heap   total 277504K, used 127548K [0x0000000080000000, 0x0000000100000000)
  region size 1024K, 12 young (12288K), 12 survivors (12288K)
 Metaspace       used 117243K, committed 119680K, reserved 1179648K
  class space    used 16722K, committed 17920K, reserved 1048576K
}
Event: 11.874 GC heap before
{Heap before GC invocations=33 (full 0):
 garbage-first heap   total 277504K, used 247356K [0x0000000080000000, 0x0000000100000000)
  region size 1024K, 125 young (128000K), 12 survivors (12288K)
 Metaspace       used 117806K, committed 120192K, reserved 1179648K
  class space    used 16828K, committed 17984K, reserved 1048576K
}
Event: 11.878 GC heap after
{Heap after GC invocations=34 (full 0):
 garbage-first heap   total 277504K, used 135302K [0x0000000080000000, 0x0000000100000000)
  region size 1024K, 6 young (6144K), 6 survivors (6144K)
 Metaspace       used 117806K, committed 120192K, reserved 1179648K
  class space    used 16828K, committed 17984K, reserved 1048576K
}
Event: 12.159 GC heap before
{Heap before GC invocations=34 (full 0):
 garbage-first heap   total 277504K, used 248966K [0x0000000080000000, 0x0000000100000000)
  region size 1024K, 116 young (118784K), 6 survivors (6144K)
 Metaspace       used 121538K, committed 123968K, reserved 1179648K
  class space    used 17132K, committed 18304K, reserved 1048576K
}
Event: 12.163 GC heap after
{Heap after GC invocations=35 (full 0):
 garbage-first heap   total 277504K, used 138749K [0x0000000080000000, 0x0000000100000000)
  region size 1024K, 10 young (10240K), 10 survivors (10240K)
 Metaspace       used 121538K, committed 123968K, reserved 1179648K
  class space    used 17132K, committed 18304K, reserved 1048576K
}

